{"/home/alexandre/projects/react-co-form/src/useCoForm.ts": {"path":"/home/alexandre/projects/react-co-form/src/useCoForm.ts","statementMap":{"0":{"start":{"line":1,"column":0},"end":{"line":1,"column":46}},"1":{"start":{"line":22,"column":15},"end":{"line":22,"column":null}},"2":{"start":{"line":24,"column":30},"end":{"line":24,"column":56}},"3":{"start":{"line":24,"column":15},"end":{"line":24,"column":17}},"4":{"start":{"line":24,"column":26},"end":{"line":24,"column":30}},"5":{"start":{"line":27,"column":22},"end":{"line":27,"column":55}},"6":{"start":{"line":28,"column":23},"end":{"line":28,"column":41}},"7":{"start":{"line":30,"column":4},"end":{"line":35,"column":null}},"8":{"start":{"line":31,"column":6},"end":{"line":34,"column":9}},"9":{"start":{"line":38,"column":2},"end":{"line":41,"column":4}},"10":{"start":{"line":46,"column":0},"end":{"line":46,"column":25}}},"fnMap":{"0":{"name":"useCoForm","decl":{"start":{"line":21,"column":9},"end":{"line":21,"column":18}},"loc":{"start":{"line":23,"column":12},"end":{"line":42,"column":1}}},"1":{"name":"handleChange","decl":{"start":{"line":26,"column":11},"end":{"line":26,"column":23}},"loc":{"start":{"line":26,"column":60},"end":{"line":36,"column":3}}}},"branchMap":{"0":{"loc":{"start":{"line":30,"column":4},"end":{"line":35,"column":null}},"type":"if","locations":[{"start":{"line":30,"column":4},"end":{"line":35,"column":null}},{"start":{"line":30,"column":4},"end":{"line":35,"column":null}}]}},"s":{"0":1,"1":1,"2":1,"3":1,"4":1,"5":0,"6":0,"7":0,"8":0,"9":1,"10":1},"f":{"0":1,"1":0},"b":{"0":[0,0]}}
,"/home/alexandre/projects/react-co-form/src/__tests__/components/Form.tsx": {"path":"/home/alexandre/projects/react-co-form/src/__tests__/components/Form.tsx","statementMap":{"0":{"start":{"line":4,"column":0},"end":{"line":4,"column":40}},"1":{"start":{"line":11,"column":33},"end":{"line":14,"column":2}},"2":{"start":{"line":16,"column":23},"end":{"line":50,"column":1}},"3":{"start":{"line":17,"column":35},"end":{"line":17,"column":74}},"4":{"start":{"line":17,"column":16},"end":{"line":17,"column":18}},"5":{"start":{"line":17,"column":30},"end":{"line":17,"column":35}},"6":{"start":{"line":19,"column":2},"end":{"line":49,"column":4}},"7":{"start":{"line":23,"column":8},"end":{"line":23,"column":31}},"8":{"start":{"line":24,"column":8},"end":{"line":24,"column":28}},"9":{"start":{"line":52,"column":0},"end":{"line":52,"column":20}}},"fnMap":{"0":{"name":"(anonymous_3)","decl":{"start":{"line":16,"column":23},"end":{"line":16,"column":null}},"loc":{"start":{"line":16,"column":23},"end":{"line":50,"column":1}}},"1":{"name":"(anonymous_4)","decl":{"start":{"line":22,"column":16},"end":{"line":22,"column":17}},"loc":{"start":{"line":22,"column":50},"end":{"line":25,"column":7}}}},"branchMap":{},"s":{"0":1,"1":1,"2":1,"3":1,"4":1,"5":1,"6":1,"7":0,"8":0,"9":1},"f":{"0":1,"1":0},"b":{}}
}
